<?xml version="1.0" encoding="utf-8"?><testsuites name="pytest tests"><testsuite name="pytest" errors="0" failures="0" skipped="0" tests="61" time="51.720" timestamp="2026-09-08T18:21:18.450225+00:00" hostname="localhost"><testcase classname="tests.test_systematic_radicals" name="test_practical_successes[p0-1-reciprocal]" time="2.606" /><testcase classname="tests.test_systematic_radicals" name="test_practical_successes[p1-4-Dickson]" time="0.729" /><testcase classname="tests.test_systematic_radicals" name="test_practical_successes[p2-0-shifted-power]" time="0.031" /><testcase classname="tests.test_systematic_radicals" name="test_practical_successes[p3-1-shifted-power]" time="0.077" /><testcase classname="tests.test_systematic_radicals" name="test_practical_successes[p4-1-degree&lt;=4]" time="0.023" /><testcase classname="tests.test_systematic_radicals" name="test_practical_successes[p5-0-degree&lt;=4]" time="0.026" /><testcase classname="tests.test_systematic_radicals" name="test_practical_successes[p6-2-degree&lt;=4]" time="0.015" /><testcase classname="tests.test_systematic_radicals" name="test_all_dickson_branches[0]" time="0.923" /><testcase classname="tests.test_systematic_radicals" name="test_all_dickson_branches[1]" time="0.952" /><testcase classname="tests.test_systematic_radicals" name="test_all_dickson_branches[2]" time="0.918" /><testcase classname="tests.test_systematic_radicals" name="test_all_dickson_branches[3]" time="0.899" /><testcase classname="tests.test_systematic_radicals" name="test_all_dickson_branches[4]" time="0.704" /><testcase classname="tests.test_systematic_radicals" name="test_complex_binomial_branches[1]" time="1.720" /><testcase classname="tests.test_systematic_radicals" name="test_complex_binomial_branches[2]" time="1.693" /><testcase classname="tests.test_systematic_radicals" name="test_complex_binomial_branches[5]" time="1.722" /><testcase classname="tests.test_systematic_radicals" name="test_complex_binomial_branches[6]" time="1.883" /><testcase classname="tests.test_systematic_radicals" name="test_forced_general_backend[p0-1]" time="0.032" /><testcase classname="tests.test_systematic_radicals" name="test_forced_general_backend[p1-0]" time="0.711" /><testcase classname="tests.test_systematic_radicals" name="test_forced_general_backend[p2-0]" time="0.270" /><testcase classname="tests.test_systematic_radicals" name="test_forced_general_backend[p3-0]" time="0.537" /><testcase classname="tests.test_systematic_radicals" name="test_forced_general_backend[p4-1]" time="32.481" /><testcase classname="tests.test_systematic_radicals" name="test_strict_grammar_rejects_hidden_nonradicals[bad0]" time="0.000" /><testcase classname="tests.test_systematic_radicals" name="test_strict_grammar_rejects_hidden_nonradicals[bad1]" time="0.000" /><testcase classname="tests.test_systematic_radicals" name="test_strict_grammar_rejects_hidden_nonradicals[bad2]" time="0.000" /><testcase classname="tests.test_systematic_radicals" name="test_strict_grammar_rejects_hidden_nonradicals[bad3]" time="0.000" /><testcase classname="tests.test_systematic_radicals" name="test_strict_grammar_rejects_hidden_nonradicals[bad4]" time="0.000" /><testcase classname="tests.test_systematic_radicals" name="test_dickson_identity[1]" time="0.001" /><testcase classname="tests.test_systematic_radicals" name="test_dickson_identity[2]" time="0.004" /><testcase classname="tests.test_systematic_radicals" name="test_dickson_identity[3]" time="0.004" /><testcase classname="tests.test_systematic_radicals" name="test_dickson_identity[4]" time="0.004" /><testcase classname="tests.test_systematic_radicals" name="test_dickson_identity[5]" time="0.005" /><testcase classname="tests.test_systematic_radicals" name="test_dickson_identity[6]" time="0.006" /><testcase classname="tests.test_systematic_radicals" name="test_dickson_identity[7]" time="0.007" /><testcase classname="tests.test_systematic_radicals" name="test_dickson_identity[8]" time="0.008" /><testcase classname="tests.test_systematic_radicals" name="test_dickson_identity[9]" time="0.009" /><testcase classname="tests.test_systematic_radicals" name="test_pair_resolvent_and_collisions" time="0.108" /><testcase classname="tests.test_systematic_radicals" name="test_nonsolvability_and_reducible_target" time="0.064" /><testcase classname="tests.test_systematic_radicals" name="test_invalid_input[p0-0-kwargs0]" time="0.001" /><testcase classname="tests.test_systematic_radicals" name="test_invalid_input[p1-0-kwargs1]" time="0.110" /><testcase classname="tests.test_systematic_radicals" name="test_invalid_input[p2-0-kwargs2]" time="0.001" /><testcase classname="tests.test_systematic_radicals" name="test_invalid_input[p3--1-kwargs3]" time="0.001" /><testcase classname="tests.test_systematic_radicals" name="test_invalid_input[p4-2-kwargs4]" time="0.000" /><testcase classname="tests.test_systematic_radicals" name="test_invalid_input[p5-0-kwargs5]" time="0.000" /><testcase classname="tests.test_systematic_radicals" name="test_invalid_input[p6-False-kwargs6]" time="0.000" /><testcase classname="tests.test_systematic_radicals" name="test_invalid_input[p7-0-kwargs7]" time="0.000" /><testcase classname="tests.test_systematic_radicals" name="test_invalid_input[p8-0-kwargs8]" time="0.000" /><testcase classname="tests.test_systematic_radicals" name="test_invalid_input[p9-0-kwargs9]" time="0.000" /><testcase classname="tests.test_systematic_radicals" name="test_resource_limit_is_not_nonsolvability" time="0.084" /><testcase classname="tests.test_systematic_radicals" name="test_tampered_certificates" time="0.052" /><testcase classname="tests.test_systematic_radicals" name="test_process_timeout" time="0.005" /><testcase classname="tests.test_systematic_radicals" name="test_additional_notebook_octics[p0-shifted-power]" time="0.123" /><testcase classname="tests.test_systematic_radicals" name="test_additional_notebook_octics[p1-shifted-power]" time="0.137" /><testcase classname="tests.test_systematic_radicals" name="test_additional_notebook_octics[p2-pair-resolvent]" time="0.597" /><testcase classname="tests.test_systematic_radicals" name="test_solvable_practical_miss_is_inconclusive" time="0.009" /><testcase classname="tests.test_systematic_radicals" name="test_shortcut_exception_does_not_block_complete_backend" time="0.036" /><testcase classname="tests.test_systematic_radicals" name="test_process_certificate_survives_domain_reconstruction" time="1.031" /><testcase classname="tests.test_systematic_radicals" name="test_rational_equality_uses_matching_domains" time="0.001" /><testcase classname="tests.test_systematic_radicals" name="test_group_table_subroutines[S-3-orders0]" time="0.001" /><testcase classname="tests.test_systematic_radicals" name="test_group_table_subroutines[S-4-orders1]" time="0.003" /><testcase classname="tests.test_systematic_radicals" name="test_group_table_subroutines[A-5-orders2]" time="0.010" /><testcase classname="tests.test_systematic_radicals" name="test_group_table_subroutines[S-5-orders3]" time="0.037" /></testsuite></testsuites>