<?xml version="1.0" encoding="utf-8"?><testsuites name="pytest tests"><testsuite name="pytest" errors="0" failures="0" skipped="0" tests="48" time="40.222" timestamp="2026-09-08T18:16:09.749898+00:00" hostname="localhost"><testcase classname="tests.test_radicalroot" name="test_grammar[expr0-True]" time="0.020" /><testcase classname="tests.test_radicalroot" name="test_grammar[expr1-True]" time="0.000" /><testcase classname="tests.test_radicalroot" name="test_grammar[expr2-False]" time="0.000" /><testcase classname="tests.test_radicalroot" name="test_grammar[expr3-False]" time="0.000" /><testcase classname="tests.test_radicalroot" name="test_grammar[expr4-False]" time="0.000" /><testcase classname="tests.test_radicalroot" name="test_grammar[expr5-False]" time="0.000" /><testcase classname="tests.test_radicalroot" name="test_dickson_identity[2]" time="0.002" /><testcase classname="tests.test_radicalroot" name="test_dickson_identity[3]" time="0.001" /><testcase classname="tests.test_radicalroot" name="test_dickson_identity[4]" time="0.001" /><testcase classname="tests.test_radicalroot" name="test_dickson_identity[5]" time="0.001" /><testcase classname="tests.test_radicalroot" name="test_dickson_identity[6]" time="0.001" /><testcase classname="tests.test_radicalroot" name="test_dickson_identity[7]" time="0.002" /><testcase classname="tests.test_radicalroot" name="test_dickson_identity[8]" time="0.002" /><testcase classname="tests.test_radicalroot" name="test_dickson_identity[9]" time="0.001" /><testcase classname="tests.test_radicalroot" name="test_question_quintic_all_roots[0]" time="1.729" /><testcase classname="tests.test_radicalroot" name="test_question_quintic_all_roots[1]" time="2.333" /><testcase classname="tests.test_radicalroot" name="test_question_quintic_all_roots[2]" time="1.310" /><testcase classname="tests.test_radicalroot" name="test_question_quintic_all_roots[3]" time="2.603" /><testcase classname="tests.test_radicalroot" name="test_question_quintic_all_roots[4]" time="0.697" /><testcase classname="tests.test_radicalroot" name="test_question_sextic_real_roots[0]" time="1.896" /><testcase classname="tests.test_radicalroot" name="test_question_sextic_real_roots[1]" time="2.512" /><testcase classname="tests.test_radicalroot" name="test_fast_families[f0-0]" time="0.162" /><testcase classname="tests.test_radicalroot" name="test_fast_families[f1-0]" time="1.028" /><testcase classname="tests.test_radicalroot" name="test_fast_families[f2-0]" time="0.048" /><testcase classname="tests.test_radicalroot" name="test_fast_families[f3-1]" time="0.030" /><testcase classname="tests.test_radicalroot" name="test_fast_families[f4-0]" time="0.192" /><testcase classname="tests.test_radicalroot" name="test_fast_families[f5-1]" time="0.003" /><testcase classname="tests.test_radicalroot" name="test_complete_reference_path[f0-0]" time="0.074" /><testcase classname="tests.test_radicalroot" name="test_complete_reference_path[f1-0]" time="0.458" /><testcase classname="tests.test_radicalroot" name="test_complete_reference_path[f2-1]" time="0.401" /><testcase classname="tests.test_radicalroot" name="test_complete_reference_path[f3-0]" time="0.549" /><testcase classname="tests.test_radicalroot" name="test_complete_reference_path[f4-0]" time="22.961" /><testcase classname="tests.test_radicalroot" name="test_pair_resolvent_question" time="0.031" /><testcase classname="tests.test_radicalroot" name="test_prime_chains[g0]" time="0.001" /><testcase classname="tests.test_radicalroot" name="test_prime_chains[g1]" time="0.001" /><testcase classname="tests.test_radicalroot" name="test_prime_chains[g2]" time="0.001" /><testcase classname="tests.test_radicalroot" name="test_prime_chains[g3]" time="0.001" /><testcase classname="tests.test_radicalroot" name="test_prime_chains[g4]" time="0.003" /><testcase classname="tests.test_radicalroot" name="test_nonsolvable_group" time="0.022" /><testcase classname="tests.test_radicalroot" name="test_nonsolvable_polynomial" time="0.004" /><testcase classname="tests.test_radicalroot" name="test_notfound_is_not_nonsolvable" time="0.001" /><testcase classname="tests.test_radicalroot" name="test_resource_limit" time="0.079" /><testcase classname="tests.test_radicalroot" name="test_bad_input[f0-0]" time="0.001" /><testcase classname="tests.test_radicalroot" name="test_bad_input[f1-0]" time="0.001" /><testcase classname="tests.test_radicalroot" name="test_bad_input[f2-2]" time="0.001" /><testcase classname="tests.test_radicalroot" name="test_bad_input[f3-0]" time="0.000" /><testcase classname="tests.test_radicalroot" name="test_wrong_conjugate_rejected" time="0.005" /><testcase classname="tests.test_radicalroot" name="test_notebook_degree_eight_with_hint" time="0.746" /></testsuite></testsuites>